Application Internal Error - S:\Mega\Dev\32\BCC\Minigui\SAMPLES\Advanced\BosTaurus\Demo3.exe
Terminated at: 2025-06-06 20:32:49
Info: Harbour MiniGUI Extended Edition 25.06 (32-bit) ANSI
Unrecoverable error 6005: Exception error:

    Exception Code:C0000094
    Exception Address:004F20DC
    EAX:0F324DF8  EBX:0019EF4C  ECX:0019EF48  EDX:00000000
    ESI:0019EF58  EDI:0019EF5C  EBP:0019EF24
    CS:EIP:0023:004F20DC  SS:ESP:002B:0019EF18
    DS:002B  ES:002B  FS:0053  GS:002B
    Flags:00010202
    CS:EIP: F7 3F 3B 01 7F 0B 8B 06 F7 2B 99 F7 3F 89 01 EB
    SS:ESP: 00000000 BF011B79 26013041 00000000 004F33AA 0019EF48 0019EF4C 0019EF58 0019EF5C 00000000 00000064 0000015E 000000FA 00000096 00000000 00000000

    C stack:
    EIP:     EBP:       Frame: OldEBP, RetAddr, Params...


Modules:
00400000 0025F000 S:\Mega\Dev\32\BCC\Minigui\SAMPLES\Advanced\BosTaurus\Demo3.exe
77B00000 001BB000 C:\WINDOWS\SYSTEM32\ntdll.dll
762C0000 000F0000 C:\WINDOWS\System32\KERNEL32.DLL
76C60000 002AE000 C:\WINDOWS\System32\KERNELBASE.dll
769E0000 0007E000 C:\WINDOWS\System32\ADVAPI32.DLL
756D0000 000C7000 C:\WINDOWS\System32\msvcrt.dll
752E0000 00024000 C:\WINDOWS\SYSTEM32\MSVFW32.DLL
776F0000 00110000 C:\WINDOWS\System32\ucrtbase.dll
77A60000 00083000 C:\WINDOWS\System32\sechost.dll
76100000 000B9000 C:\WINDOWS\System32\RPCRT4.dll
776C0000 00023000 C:\WINDOWS\System32\GDI32.dll
76200000 000BA000 C:\WINDOWS\System32\COMDLG32.DLL
75010000 0022F000 C:\WINDOWS\WinSxS\x86_microsoft.windows.common-controls_6595b64144ccf1df_6.0.26100.3912_none_85b4cd13f7b13c84\COMCTL32.dll
761E0000 0001A000 C:\WINDOWS\System32\win32u.dll
76BD0000 00085000 C:\WINDOWS\System32\msvcp_win.dll
76010000 000ED000 C:\WINDOWS\System32\gdi32full.dll
758C0000 001CB000 C:\WINDOWS\System32\USER32.dll
765B0000 00286000 C:\WINDOWS\System32\combase.dll
74F70000 00090000 C:\WINDOWS\SYSTEM32\WINSPOOL.DRV
77030000 0060E000 C:\WINDOWS\System32\SHELL32.dll
77810000 000CB000 C:\WINDOWS\System32\shcore.dll
763C0000 00102000 C:\WINDOWS\System32\wintypes.dll
76950000 00054000 C:\WINDOWS\System32\SHLWAPI.dll
75530000 00043000 C:\WINDOWS\SYSTEM32\cfgmgr32.dll
76A70000 00158000 C:\WINDOWS\System32\OLE32.DLL
75330000 00033000 C:\WINDOWS\SYSTEM32\WINMM.dll
75620000 000A4000 C:\WINDOWS\System32\OLEAUT32.DLL
75370000 00006000 C:\WINDOWS\SYSTEM32\MSIMG32.DLL
769B0000 00025000 C:\WINDOWS\System32\IMM32.DLL
75380000 00014000 C:\WINDOWS\SYSTEM32\kernel.appcore.dll
764D0000 00069000 C:\WINDOWS\System32\bcryptPrimitives.dll
75250000 00083000 C:\WINDOWS\system32\uxtheme.dll
71E10000 00173000 C:\WINDOWS\WinSxS\x86_microsoft.windows.gdiplus_6595b64144ccf1df_1.1.26100.4061_none_b6a4db5d523f15b2\Gdiplus.dll
75EF0000 0011A000 C:\WINDOWS\System32\MSCTF.dll

Called from BT_DRAW_HDC_BITMAP(0)
Called from BT_DRAWBITMAPTRANSPARENT(198) in h_Bostaurus.prg
Called from PROC_ON_PAINT(89) in Demo3.prg
Called from (b)MAIN(32) in Demo3.prg
Called from _DOWINDOWEVENTPROCEDURE(0) in h_windows.prg
Called from EVENTS(0) in h_events.prg
Called from UPDATEWINDOW(0)
Called from EVENTS(0) in h_events.prg
Called from SHOWWINDOW(0)
Called from _ACTIVATEWINDOW(0) in h_windows.prg
Called from MAIN(46) in Demo3.prg
------------------------------------------------------------------------
Application Internal Error - S:\Mega\Dev\32\BCC\Minigui\SAMPLES\Advanced\BosTaurus\Demo4.exe
Terminated at: 2025-06-06 20:32:50
Info: Harbour MiniGUI Extended Edition 25.06 (32-bit) ANSI
Unrecoverable error 6005: Exception error:

    Exception Code:C0000094
    Exception Address:004F20F0
    EAX:38203108  EBX:0019EF4C  ECX:0019EF48  EDX:00000000
    ESI:0019EF58  EDI:0019EF5C  EBP:0019EF24
    CS:EIP:0023:004F20F0  SS:ESP:002B:0019EF18
    DS:002B  ES:002B  FS:0053  GS:002B
    Flags:00010202
    CS:EIP: F7 3F 3B 01 7F 0B 8B 06 F7 2B 99 F7 3F 89 01 EB
    SS:ESP: 00000000 AD01229B B501312A 00000000 004F33BE 0019EF48 0019EF4C 0019EF58 0019EF5C 00000000 00000000 00000000 000002FF 0000022A 00000000 00000000

    C stack:
    EIP:     EBP:       Frame: OldEBP, RetAddr, Params...


Modules:
00400000 0025F000 S:\Mega\Dev\32\BCC\Minigui\SAMPLES\Advanced\BosTaurus\Demo4.exe
77B00000 001BB000 C:\WINDOWS\SYSTEM32\ntdll.dll
762C0000 000F0000 C:\WINDOWS\System32\KERNEL32.DLL
76C60000 002AE000 C:\WINDOWS\System32\KERNELBASE.dll
769E0000 0007E000 C:\WINDOWS\System32\ADVAPI32.DLL
756D0000 000C7000 C:\WINDOWS\System32\msvcrt.dll
752E0000 00024000 C:\WINDOWS\SYSTEM32\MSVFW32.DLL
776F0000 00110000 C:\WINDOWS\System32\ucrtbase.dll
77A60000 00083000 C:\WINDOWS\System32\sechost.dll
76100000 000B9000 C:\WINDOWS\System32\RPCRT4.dll
776C0000 00023000 C:\WINDOWS\System32\GDI32.dll
75010000 0022F000 C:\WINDOWS\WinSxS\x86_microsoft.windows.common-controls_6595b64144ccf1df_6.0.26100.3912_none_85b4cd13f7b13c84\COMCTL32.dll
76200000 000BA000 C:\WINDOWS\System32\COMDLG32.DLL
761E0000 0001A000 C:\WINDOWS\System32\win32u.dll
76BD0000 00085000 C:\WINDOWS\System32\msvcp_win.dll
758C0000 001CB000 C:\WINDOWS\System32\USER32.dll
76010000 000ED000 C:\WINDOWS\System32\gdi32full.dll
74F70000 00090000 C:\WINDOWS\SYSTEM32\WINSPOOL.DRV
765B0000 00286000 C:\WINDOWS\System32\combase.dll
77030000 0060E000 C:\WINDOWS\System32\SHELL32.dll
77810000 000CB000 C:\WINDOWS\System32\shcore.dll
763C0000 00102000 C:\WINDOWS\System32\wintypes.dll
75530000 00043000 C:\WINDOWS\SYSTEM32\cfgmgr32.dll
76950000 00054000 C:\WINDOWS\System32\SHLWAPI.dll
76A70000 00158000 C:\WINDOWS\System32\OLE32.DLL
75330000 00033000 C:\WINDOWS\SYSTEM32\WINMM.dll
75620000 000A4000 C:\WINDOWS\System32\OLEAUT32.DLL
75370000 00006000 C:\WINDOWS\SYSTEM32\MSIMG32.DLL
769B0000 00025000 C:\WINDOWS\System32\IMM32.DLL
75380000 00014000 C:\WINDOWS\SYSTEM32\kernel.appcore.dll
764D0000 00069000 C:\WINDOWS\System32\bcryptPrimitives.dll
75250000 00083000 C:\WINDOWS\system32\uxtheme.dll
71E10000 00173000 C:\WINDOWS\WinSxS\x86_microsoft.windows.gdiplus_6595b64144ccf1df_1.1.26100.4061_none_b6a4db5d523f15b2\Gdiplus.dll
75EF0000 0011A000 C:\WINDOWS\System32\MSCTF.dll
71370000 0009E000 C:\WINDOWS\SYSTEM32\TextShaping.dll

Called from BT_DRAW_HDC_BITMAP(0)
Called from BT_DRAWBITMAP(186) in h_Bostaurus.prg
Called from PROC_ON_PAINT(137) in Demo4.prg
Called from (b)MAIN(41) in Demo4.prg
Called from _DOWINDOWEVENTPROCEDURE(0) in h_windows.prg
Called from EVENTS(0) in h_events.prg
Called from UPDATEWINDOW(0)
Called from EVENTS(0) in h_events.prg
Called from SHOWWINDOW(0)
Called from _ACTIVATEWINDOW(0) in h_windows.prg
Called from MAIN(95) in Demo4.prg
------------------------------------------------------------------------
