Application Internal Error - S:\Mega\Dev\32\BCC\Minigui\SAMPLES\Advanced\Lines\Lines.exe
Terminated at: 2025-06-13 19:52:19
Info: Harbour MiniGUI Extended Edition 25.06 (32-bit) ANSI
Unrecoverable error 6005: Exception error:

    Exception Code:C0000005 ACCESS_VIOLATION
    Exception Address:00000000
    EAX:0035110C  EBX:00000000  ECX:00000001  EDX:00DC3B44
    ESI:00000000  EDI:00000000  EBP:0019F308
    CS:EIP:0023:00000000  SS:ESP:002B:0019F240
    DS:002B  ES:002B  FS:0053  GS:002B
    Flags:00010202
    Exception Parameters: 00000000 00000000
    CS:EIP:
    SS:ESP: 0041CCE9 0035110C 00000094 0000000A 00000000 000065F4 00000002 00000000 00000000 00000000 0019F27C 0047EA49 00FFDBAC 005FCC54 0019F2B0 0019F288

    C stack:
    EIP:     EBP:       Frame: OldEBP, RetAddr, Params...
    00000000 0019F308   0019F428 00460C1B 00000001 00000000 00000000 0057D488 0046FBF2 00FFD5AC 00FFCC6C 00FFCC6C
    00460C1B 0019F428   0019F45C 0040735C 0057DC92 0057D3E8 00466C74 0057D8FD 00000000 005FCC54 0000005C 00000005
    0040735C 0019F45C   0019F57C 00460C1B 00000000 005FCC54 FFFFFFFF 00DC487C 00460B98 00000002 00000000 00000000
    00460C1B 0019F57C   0019F5C4 004671B1 0057D8DA 0057D3E8 00000000 00589554 0059A6B4 00466FB9 0058E752 00000000
    004671B1 0019F5C4   0019F6E4 00460CD5 00000000 00000000 00000000 00528E68 00000000 00000000 00000000 00000000
    00460CD5 0019F6E4   0019F718 00407CC8 0058E6B4 00589274 00466C74 0052D33A 00000000 005FCC54 0000001F 00000005
    00407CC8 0019F718   0019F838 00460B98 00000002 00000000 00000000 00528A58 023A5260 00000000 17DB0334 FFFFFFFF
    00460B98 0019F838   0019F874 00403A14 00529EF3 00528A08 00466E8C 0035110C 00000000 00000200 0000001A 00000005
    00403A14 0019F874   0019F890 004249B4 00000004 004248BC 00000200 0019F9C4 00528A58
    004249B4 0019F890   0019F8BC 77949A13 0035110C 00000200 00000000 021804FF 00000200 DCBAABCD 0019F9C4 004248BC
    77949A13 0019F8BC   0019F9B8 77937B8D 004248BC 0035110C 00000200 00000000 021804FF 17DB0DE4 0019FAD4 00000000
    77937B8D 0019F9B8   0019FA38 7793701A 0019FAD4 023A5260 7793701A 004248BC 00000000 00000200 00000000 021804FF
    7793701A 0019FA38   0019FA90 7793B7E1 00000000 0019FADC 00000000 023A5260 00000000 023A5260 00000001 00000000
    7793B7E1 0019FA90   0019FAC4 7798205C 0035110C 0019FAD4 0019FAD4 00595010 00000002 0019FF64 00000000 605E8464
    7798205C 0019FAC4   0019FB20 00425671 0035110C 0019FAD4 0035110C 00000200 00000000 021804FF 03EEABF2 000004FF
    00425671 0019FB20   0019FC40 00460B98 00000001 00000000 00000000 0057D518 00452B40 00000000 00DC3FDC 0000000C
    00460B98 0019FC40   0019FC74 00407C00 0058D5C4 00589274 00466C74 0057D9E8 00000000 005FCC54 00000005 00000005
    00407C00 0019FC74   0019FD94 00460B98 00000001 00000000 00000000 004F61F4 00000014 0053FE01 0019FC84 00000000
    00460B98 0019FD94   0019FDC8 00407334 0057D9A7 0057D3E8 00466C74 004F66A9 00000000 005FCC54 00000001 00000000
    00407334 0019FDC8   0019FEE8 00460B98 00000002 00000000 00000000 004F60A4 00000000 00000000 00000000 00000000


Modules:
00400000 00245000 S:\Mega\Dev\32\BCC\Minigui\SAMPLES\Advanced\Lines\Lines.exe
77C00000 001BB000 C:\WINDOWS\SYSTEM32\ntdll.dll
76830000 000F0000 C:\WINDOWS\System32\KERNEL32.DLL
77510000 002C4000 C:\WINDOWS\System32\KERNELBASE.dll
77270000 0007E000 C:\WINDOWS\System32\ADVAPI32.DLL
77300000 000C7000 C:\WINDOWS\System32\msvcrt.dll
750C0000 00024000 C:\WINDOWS\SYSTEM32\MSVFW32.DLL
760A0000 00083000 C:\WINDOWS\System32\sechost.dll
75E40000 00110000 C:\WINDOWS\System32\ucrtbase.dll
777E0000 000B8000 C:\WINDOWS\System32\RPCRT4.dll
76530000 00023000 C:\WINDOWS\System32\GDI32.dll
75790000 000BB000 C:\WINDOWS\System32\COMDLG32.DLL
75150000 0008F000 C:\WINDOWS\SYSTEM32\WINSPOOL.DRV
76930000 0001A000 C:\WINDOWS\System32\win32u.dll
77AE0000 00085000 C:\WINDOWS\System32\msvcp_win.dll
751F0000 0022F000 C:\WINDOWS\WinSxS\x86_microsoft.windows.common-controls_6595b64144ccf1df_6.0.26100.4202_none_85b3cfabf7b21e1d\COMCTL32.dll
761A0000 000F1000 C:\WINDOWS\System32\gdi32full.dll
76FE0000 00288000 C:\WINDOWS\System32\combase.dll
77910000 001CC000 C:\WINDOWS\System32\USER32.dll
75FC0000 000CE000 C:\WINDOWS\System32\shcore.dll
755F0000 00043000 C:\WINDOWS\SYSTEM32\cfgmgr32.dll
76950000 0061E000 C:\WINDOWS\System32\SHELL32.dll
76F80000 00054000 C:\WINDOWS\System32\SHLWAPI.dll
766F0000 00102000 C:\WINDOWS\System32\wintypes.dll
76330000 00158000 C:\WINDOWS\System32\OLE32.DLL
75430000 00006000 C:\WINDOWS\SYSTEM32\MSIMG32.DLL
77460000 000A4000 C:\WINDOWS\System32\OLEAUT32.DLL
75110000 00033000 C:\WINDOWS\SYSTEM32\WINMM.DLL
76800000 00025000 C:\WINDOWS\System32\IMM32.DLL
75440000 00015000 C:\WINDOWS\SYSTEM32\kernel.appcore.dll
76680000 00069000 C:\WINDOWS\System32\bcryptPrimitives.dll
75010000 00083000 C:\WINDOWS\system32\uxtheme.dll
72C70000 00173000 C:\WINDOWS\WinSxS\x86_microsoft.windows.gdiplus_6595b64144ccf1df_1.1.26100.4202_none_b69ec291524497eb\Gdiplus.dll
76560000 0011A000 C:\WINDOWS\System32\MSCTF.dll
72090000 000A5000 C:\WINDOWS\SYSTEM32\TextShaping.dll
74100000 00109000 C:\WINDOWS\SYSTEM32\textinputframework.dll
74020000 000DB000 C:\WINDOWS\SYSTEM32\CoreMessaging.dll
73D80000 00292000 C:\WINDOWS\SYSTEM32\CoreUIComponents.dll
73D70000 0000B000 C:\WINDOWS\SYSTEM32\CRYPTBASE.DLL
73820000 0034D000 C:\WINDOWS\SYSTEM32\uiautomationcore.dll
73720000 00062000 C:\WINDOWS\SYSTEM32\OLEACC.dll
773D0000 00081000 C:\WINDOWS\System32\clbcatq.dll
73700000 00011000 C:\Windows\System32\threadpoolwinrt.dll

Called from VERIFYPASSWORD(0)
Called from _LVALIDSCRSAVER(0) in h_scrsaver.prg
Called from (b)_BEGINSCRSAVER(0) in h_scrsaver.prg
Called from _DOWINDOWEVENTPROCEDURE(0) in h_windows.prg
Called from EVENTS(0) in h_events.prg
Called from DOMESSAGELOOP(0)
Called from _ACTIVATEWINDOW(0) in h_windows.prg
Called from _ACTIVATESCRSAVER(0) in h_scrsaver.prg
Called from MAIN(72) in Lines.prg
------------------------------------------------------------------------
Application Internal Error - S:\Mega\Dev\32\BCC\Minigui\SAMPLES\Advanced\Lines\Lines.exe
Terminated at: 2025-06-13 19:52:21
Info: Harbour MiniGUI Extended Edition 25.06 (32-bit) ANSI
Unrecoverable error 6005: Exception error:

    Exception Code:C0000005 ACCESS_VIOLATION
    Exception Address:00000000
    EAX:0035110C  EBX:00000000  ECX:00000001  EDX:00DC3B44
    ESI:00000000  EDI:00000000  EBP:0019F308
    CS:EIP:0023:00000000  SS:ESP:002B:0019F240
    DS:002B  ES:002B  FS:0053  GS:002B
    Flags:00010202
    Exception Parameters: 00000000 00000000
    CS:EIP:
    SS:ESP: 0041CCE9 0035110C 00000094 0000000A 00000000 000065F4 00000002 00000000 00000000 00000000 0019F27C 0047EA49 00FFDBAC 005FCC54 0019F2B0 0019F288

    C stack:
    EIP:     EBP:       Frame: OldEBP, RetAddr, Params...
    00000000 0019F308   0019F428 00460C1B 00000001 00000000 00000000 0057D488 0046FBF2 00FFD5AC 00FFCC6C 00FFCC6C
    00460C1B 0019F428   0019F45C 0040735C 0057DC92 0057D3E8 00466C74 0057D8FD 00000000 005FCC54 0000005C 00000005
    0040735C 0019F45C   0019F57C 00460C1B 00000000 005FCC54 FFFFFFFF 00DC487C 00460B98 00000002 00000000 00000000
    00460C1B 0019F57C   0019F5C4 004671B1 0057D8DA 0057D3E8 00000000 00589554 0059A6B4 00466FB9 0058E752 00000000
    004671B1 0019F5C4   0019F6E4 00460CD5 00000000 00000000 00000000 00528E68 00000000 00000000 00000000 00000000
    00460CD5 0019F6E4   0019F718 00407CC8 0058E6B4 00589274 00466C74 0052D33A 00000000 005FCC54 0000001F 00000005
    00407CC8 0019F718   0019F838 00460B98 00000002 00000000 00000000 00528A58 023A5260 00000000 17DB0334 FFFFFFFF
    00460B98 0019F838   0019F874 00403A14 00529EF3 00528A08 00466E8C 0035110C 00000000 00000200 0000001A 00000005
    00403A14 0019F874   0019F890 004249B4 00000004 004248BC 00000200 0019F9C4 00528A58
    004249B4 0019F890   0019F8BC 77949A13 0035110C 00000200 00000000 021804FF 00000200 DCBAABCD 0019F9C4 004248BC
    77949A13 0019F8BC   0019F9B8 77937B8D 004248BC 0035110C 00000200 00000000 021804FF 17DB0DE4 0019FAD4 00000000
    77937B8D 0019F9B8   0019FA38 7793701A 0019FAD4 023A5260 7793701A 004248BC 00000000 00000200 00000000 021804FF
    7793701A 0019FA38   0019FA90 7793B7E1 00000000 0019FADC 00000000 023A5260 00000000 023A5260 00000001 00000000
    7793B7E1 0019FA90   0019FAC4 7798205C 0035110C 0019FAD4 0019FAD4 00595010 00000002 0019FF64 00000000 605E8464
    7798205C 0019FAC4   0019FB20 00425671 0035110C 0019FAD4 0035110C 00000200 00000000 021804FF 03EEABF2 000004FF
    00425671 0019FB20   0019FC40 00460B98 00000001 00000000 00000000 0057D518 00452B40 00000000 00DC3FDC 0000000C
    00460B98 0019FC40   0019FC74 00407C00 0058D5C4 00589274 00466C74 0057D9E8 00000000 005FCC54 00000005 00000005
    00407C00 0019FC74   0019FD94 00460B98 00000001 00000000 00000000 004F61F4 00000014 0053FE01 0019FC84 00000000
    00460B98 0019FD94   0019FDC8 00407334 0057D9A7 0057D3E8 00466C74 004F66A9 00000000 005FCC54 00000001 00000000
    00407334 0019FDC8   0019FEE8 00460B98 00000002 00000000 00000000 004F60A4 00000000 00000000 00000000 00000000


Modules:
00400000 00245000 S:\Mega\Dev\32\BCC\Minigui\SAMPLES\Advanced\Lines\Lines.exe
77C00000 001BB000 C:\WINDOWS\SYSTEM32\ntdll.dll
76830000 000F0000 C:\WINDOWS\System32\KERNEL32.DLL
77510000 002C4000 C:\WINDOWS\System32\KERNELBASE.dll
77270000 0007E000 C:\WINDOWS\System32\ADVAPI32.DLL
77300000 000C7000 C:\WINDOWS\System32\msvcrt.dll
750C0000 00024000 C:\WINDOWS\SYSTEM32\MSVFW32.DLL
760A0000 00083000 C:\WINDOWS\System32\sechost.dll
75E40000 00110000 C:\WINDOWS\System32\ucrtbase.dll
777E0000 000B8000 C:\WINDOWS\System32\RPCRT4.dll
76530000 00023000 C:\WINDOWS\System32\GDI32.dll
75790000 000BB000 C:\WINDOWS\System32\COMDLG32.DLL
75150000 0008F000 C:\WINDOWS\SYSTEM32\WINSPOOL.DRV
76930000 0001A000 C:\WINDOWS\System32\win32u.dll
77AE0000 00085000 C:\WINDOWS\System32\msvcp_win.dll
751F0000 0022F000 C:\WINDOWS\WinSxS\x86_microsoft.windows.common-controls_6595b64144ccf1df_6.0.26100.4202_none_85b3cfabf7b21e1d\COMCTL32.dll
761A0000 000F1000 C:\WINDOWS\System32\gdi32full.dll
76FE0000 00288000 C:\WINDOWS\System32\combase.dll
77910000 001CC000 C:\WINDOWS\System32\USER32.dll
75FC0000 000CE000 C:\WINDOWS\System32\shcore.dll
755F0000 00043000 C:\WINDOWS\SYSTEM32\cfgmgr32.dll
76950000 0061E000 C:\WINDOWS\System32\SHELL32.dll
76F80000 00054000 C:\WINDOWS\System32\SHLWAPI.dll
766F0000 00102000 C:\WINDOWS\System32\wintypes.dll
76330000 00158000 C:\WINDOWS\System32\OLE32.DLL
75430000 00006000 C:\WINDOWS\SYSTEM32\MSIMG32.DLL
77460000 000A4000 C:\WINDOWS\System32\OLEAUT32.DLL
75110000 00033000 C:\WINDOWS\SYSTEM32\WINMM.DLL
76800000 00025000 C:\WINDOWS\System32\IMM32.DLL
75440000 00015000 C:\WINDOWS\SYSTEM32\kernel.appcore.dll
76680000 00069000 C:\WINDOWS\System32\bcryptPrimitives.dll
75010000 00083000 C:\WINDOWS\system32\uxtheme.dll
72C70000 00173000 C:\WINDOWS\WinSxS\x86_microsoft.windows.gdiplus_6595b64144ccf1df_1.1.26100.4202_none_b69ec291524497eb\Gdiplus.dll
76560000 0011A000 C:\WINDOWS\System32\MSCTF.dll
72090000 000A5000 C:\WINDOWS\SYSTEM32\TextShaping.dll
74100000 00109000 C:\WINDOWS\SYSTEM32\textinputframework.dll
74020000 000DB000 C:\WINDOWS\SYSTEM32\CoreMessaging.dll
73D80000 00292000 C:\WINDOWS\SYSTEM32\CoreUIComponents.dll
73D70000 0000B000 C:\WINDOWS\SYSTEM32\CRYPTBASE.DLL
73820000 0034D000 C:\WINDOWS\SYSTEM32\uiautomationcore.dll
73720000 00062000 C:\WINDOWS\SYSTEM32\OLEACC.dll
773D0000 00081000 C:\WINDOWS\System32\clbcatq.dll
73700000 00011000 C:\Windows\System32\threadpoolwinrt.dll

Called from VERIFYPASSWORD(0)
Called from _LVALIDSCRSAVER(0) in h_scrsaver.prg
Called from (b)_BEGINSCRSAVER(0) in h_scrsaver.prg
Called from _DOWINDOWEVENTPROCEDURE(0) in h_windows.prg
Called from EVENTS(0) in h_events.prg
Called from DOMESSAGELOOP(0)
Called from _ACTIVATEWINDOW(0) in h_windows.prg
Called from _ACTIVATESCRSAVER(0) in h_scrsaver.prg
Called from MAIN(72) in Lines.prg
------------------------------------------------------------------------
