Application Internal Error - S:\Mega\Dev\32\BCC\Minigui\SAMPLES\Advanced\BTExplore\BTExplore.exe
Terminated at: 2025-06-06 20:42:32
Info: Harbour MiniGUI Extended Edition 25.06 (32-bit) ANSI
Unrecoverable error 6005: Exception error:

    Exception Code:C0000094
    Exception Address:004F20DC
    EAX:00000000  EBX:0019E5DC  ECX:0019E5D8  EDX:00000000
    ESI:0019E5E8  EDI:0019E5EC  EBP:0019E5B4
    CS:EIP:0023:004F20DC  SS:ESP:002B:0019E5A8
    DS:002B  ES:002B  FS:0053  GS:002B
    Flags:00010206
    CS:EIP: F7 3F 3B 01 7F 0B 8B 06 F7 2B 99 F7 3F 89 01 EB
    SS:ESP: 00000000 92011833 7E01335F 00000000 004F33AA 0019E5D8 0019E5DC 0019E5E8 0019E5EC 00000000 00000000 00000000 00000078 00000000 00000000 00000000

    C stack:
    EIP:     EBP:       Frame: OldEBP, RetAddr, Params...


Modules:
00400000 00260000 S:\Mega\Dev\32\BCC\Minigui\SAMPLES\Advanced\BTExplore\BTExplore.exe
77B00000 001BB000 C:\WINDOWS\SYSTEM32\ntdll.dll
762C0000 000F0000 C:\WINDOWS\System32\KERNEL32.DLL
76C60000 002AE000 C:\WINDOWS\System32\KERNELBASE.dll
769E0000 0007E000 C:\WINDOWS\System32\ADVAPI32.DLL
756D0000 000C7000 C:\WINDOWS\System32\msvcrt.dll
752E0000 00024000 C:\WINDOWS\SYSTEM32\MSVFW32.DLL
776F0000 00110000 C:\WINDOWS\System32\ucrtbase.dll
77A60000 00083000 C:\WINDOWS\System32\sechost.dll
76100000 000B9000 C:\WINDOWS\System32\RPCRT4.dll
776C0000 00023000 C:\WINDOWS\System32\GDI32.dll
75010000 0022F000 C:\WINDOWS\WinSxS\x86_microsoft.windows.common-controls_6595b64144ccf1df_6.0.26100.3912_none_85b4cd13f7b13c84\COMCTL32.dll
761E0000 0001A000 C:\WINDOWS\System32\win32u.dll
76200000 000BA000 C:\WINDOWS\System32\COMDLG32.DLL
76010000 000ED000 C:\WINDOWS\System32\gdi32full.dll
76BD0000 00085000 C:\WINDOWS\System32\msvcp_win.dll
758C0000 001CB000 C:\WINDOWS\System32\USER32.dll
77030000 0060E000 C:\WINDOWS\System32\SHELL32.dll
765B0000 00286000 C:\WINDOWS\System32\combase.dll
74F70000 00090000 C:\WINDOWS\SYSTEM32\WINSPOOL.DRV
763C0000 00102000 C:\WINDOWS\System32\wintypes.dll
77810000 000CB000 C:\WINDOWS\System32\shcore.dll
75530000 00043000 C:\WINDOWS\SYSTEM32\cfgmgr32.dll
76950000 00054000 C:\WINDOWS\System32\SHLWAPI.dll
76A70000 00158000 C:\WINDOWS\System32\OLE32.DLL
75330000 00033000 C:\WINDOWS\SYSTEM32\WINMM.dll
75620000 000A4000 C:\WINDOWS\System32\OLEAUT32.DLL
75370000 00006000 C:\WINDOWS\SYSTEM32\MSIMG32.DLL
769B0000 00025000 C:\WINDOWS\System32\IMM32.DLL
75380000 00014000 C:\WINDOWS\SYSTEM32\kernel.appcore.dll
764D0000 00069000 C:\WINDOWS\System32\bcryptPrimitives.dll
75250000 00083000 C:\WINDOWS\system32\uxtheme.dll
71E10000 00173000 C:\WINDOWS\WinSxS\x86_microsoft.windows.gdiplus_6595b64144ccf1df_1.1.26100.4061_none_b6a4db5d523f15b2\Gdiplus.dll
75EF0000 0011A000 C:\WINDOWS\System32\MSCTF.dll
71370000 0009E000 C:\WINDOWS\SYSTEM32\TextShaping.dll
74040000 00107000 C:\WINDOWS\SYSTEM32\textinputframework.dll
73F60000 000DC000 C:\WINDOWS\SYSTEM32\CoreMessaging.dll
73CC0000 00292000 C:\WINDOWS\SYSTEM32\CoreUIComponents.dll
73CB0000 0000B000 C:\WINDOWS\SYSTEM32\CRYPTBASE.DLL
736E0000 0034E000 C:\WINDOWS\SYSTEM32\uiautomationcore.dll
73C40000 00062000 C:\WINDOWS\SYSTEM32\OLEACC.dll
757C0000 00081000 C:\WINDOWS\System32\clbcatq.dll
73630000 00011000 C:\Windows\System32\threadpoolwinrt.dll
74670000 0002B000 C:\WINDOWS\system32\dwmapi.dll
74840000 006D2000 C:\WINDOWS\SYSTEM32\Windows.Storage.dll
74770000 000CD000 C:\WINDOWS\system32\propsys.dll
746D0000 00096000 C:\Windows\System32\Windows.FileExplorer.Common.dll
746A0000 00022000 C:\WINDOWS\SYSTEM32\profapi.dll
705D0000 0016E000 C:\WINDOWS\SYSTEM32\DUI70.dll
70A20000 0007B000 C:\WINDOWS\SYSTEM32\DUser.dll
70990000 00080000 C:\Program Files (x86)\Common Files\microsoft shared\ink\tiptsf.dll
70C00000 0001D000 C:\WINDOWS\SYSTEM32\edputil.dll
703C0000 00206000 C:\WINDOWS\system32\explorerframe.dll
74480000 001E8000 C:\WINDOWS\SYSTEM32\WindowsCodecs.dll
70360000 00052000 C:\Windows\System32\thumbcache.dll
6F290000 000AD000 C:\WINDOWS\SYSTEM32\policymanager.dll
6F220000 00069000 C:\WINDOWS\SYSTEM32\msvcp110_win.dll
74340000 0004C000 C:\WINDOWS\system32\dataexchange.dll
74150000 001DE000 C:\WINDOWS\system32\twinapi.appcore.dll
70F50000 00145000 C:\Windows\System32\Windows.Globalization.dll
70F20000 0002B000 C:\WINDOWS\SYSTEM32\globinputhost.dll
70ED0000 0004C000 C:\WINDOWS\SYSTEM32\Bcp47Langs.dll
73B10000 0005D000 C:\Windows\System32\SystemSettings.DataModel.dll
6FD60000 00287000 C:\Windows\System32\OneCoreUAPCommonProxyStub.dll
70BB0000 0004B000 C:\Windows\System32\OneCoreCommonProxyStub.dll
70210000 00096000 C:\WINDOWS\System32\StructuredQuery.dll
6FFF0000 00214000 C:\WINDOWS\System32\icu.dll
73AB0000 0004E000 C:\Windows\System32\Windows.StateRepositoryPS.dll
6FC30000 0012C000 C:\Windows\System32\Windows.System.Launcher.dll
6FC10000 00015000 C:\WINDOWS\SYSTEM32\windows.staterepositorycore.dll
73A70000 0003A000 C:\Windows\System32\vaultcli.dll
70950000 00037000 C:\WINDOWS\SYSTEM32\windows.staterepositoryclient.dll
6FB00000 000FE000 C:\WINDOWS\system32\Windows.Storage.Search.dll
708D0000 00028000 C:\Windows\System32\cldapi.dll
71F90000 0002B000 C:\WINDOWS\SYSTEM32\SspiCli.dll
73130000 00079000 C:\Windows\System32\Windows.Web.dll
71480000 00084000 C:\WINDOWS\SYSTEM32\sxs.dll
702B0000 0000E000 C:\WINDOWS\SYSTEM32\atlthunk.dll
6F610000 004E7000 C:\WINDOWS\system32\windowsudk.shellcommon.dll
6F500000 0010D000 C:\Windows\System32\Windows.UI.dll
6F3E0000 00115000 C:\Windows\System32\Windows.UI.Immersive.dll
77650000 00061000 C:\WINDOWS\System32\coml2.dll
6F120000 0000B000 C:\WINDOWS\SYSTEM32\LINKINFO.dll
73B90000 000AD000 C:\WINDOWS\SYSTEM32\apphelp.dll
6ECA0000 00015000 C:\WINDOWS\system32\NetworkExplorer.dll
6F340000 00094000 C:\Windows\System32\twinapi.dll
736C0000 00011000 C:\WINDOWS\system32\mssprxy.dll
6EF30000 001A5000 C:\Program Files\Microsoft OneDrive\25.085.0504.0002\i386\FileSyncShell.dll
76840000 00107000 C:\WINDOWS\System32\CRYPT32.dll
725E0000 0001A000 C:\WINDOWS\SYSTEM32\bcrypt.dll
75520000 00008000 C:\WINDOWS\SYSTEM32\VERSION.dll
6ECF0000 0021B000 C:\WINDOWS\SYSTEM32\WININET.dll
73A60000 0000A000 C:\WINDOWS\SYSTEM32\Secur32.dll
6EF10000 00010000 C:\WINDOWS\SYSTEM32\WTSAPI32.dll
6ECC0000 0001F000 C:\WINDOWS\SYSTEM32\USERENV.dll
6F0E0000 00032000 C:\Windows\System32\ActXPrxy.dll
73480000 001A7000 C:\Windows\System32\urlmon.dll
72A90000 00245000 C:\Windows\System32\iertutil.dll
73A40000 0000B000 C:\Windows\System32\netutils.dll
73660000 0001E000 C:\Windows\System32\srvcli.dll
707B0000 0000E000 C:\WINDOWS\SYSTEM32\cscapi.dll
6E450000 00029000 C:\WINDOWS\SYSTEM32\ntmarta.dll
73B70000 00019000 C:\WINDOWS\SYSTEM32\MPR.dll
708A0000 0001F000 C:\WINDOWS\System32\p9np.dll
70890000 0000A000 C:\WINDOWS\System32\drprov.dll
70870000 00015000 C:\WINDOWS\System32\ntlanman.dll
70850000 00019000 C:\WINDOWS\System32\davclnt.dll
707F0000 00051000 C:\WINDOWS\System32\WINSTA.dll
707D0000 00013000 C:\WINDOWS\System32\wkscli.dll

Called from BT_DRAW_HDC_BITMAP(0)
Called from BT_DRAWBITMAP(186) in h_Bostaurus.prg
Called from BTEX_PAINT(108) in BTExplore.prg
Called from (b)BTEX_OPENIMGFILE(159) in BTExplore.prg
Called from _DOWINDOWEVENTPROCEDURE(0) in h_windows.prg
Called from EVENTS(0) in h_events.prg
Called from UPDATEWINDOW(0)
Called from EVENTS(0) in h_events.prg
Called from SHOWWINDOW(0)
Called from _ACTIVATEWINDOW(0) in h_windows.prg
Called from BTEX_OPENIMGFILE(165) in BTExplore.prg
Called from (b)MAIN(42) in BTExplore.prg
Called from _DOCONTROLEVENTPROCEDURE(0) in h_windows.prg
Called from EVENTS(0) in h_events.prg
Called from DOMESSAGELOOP(0)
Called from _ACTIVATEWINDOW(0) in h_windows.prg
Called from MAIN(71) in BTExplore.prg
------------------------------------------------------------------------
