
==================== Program start - 14.06.25 16:19:45.957 ====================	
Harbour MiniGUI Extended Edition 25.06 (32-bit) ANSI	

--------------------------------------------------------------------------------------------------------------	
 Call from: MYRUNFILES(392) -> demo.prg	(	TWNDDATA	2	NIL	TSBROWSE	)	
oWnd:Name =	wMain	oBrw:cAlias=	MYTEST	

aFile= {3, "S:\Mega\Dev\32\BCC\Minigui\SAMPLES\Advanced\Tsb_FileChangeControl\", "_msg.oWnd-Cargo.log", t"2025-06-14 16:18:59.068"}	
--------------------------------------------------------------------------------------------------------------	
 Call from: MYRUNFILES(402) -> demo.prg	myThreadFile(aFile,oWnd)	
--------------------------------------------------------------------------------------------------------------	
 Call from: RUNEXTERNAL(426) -> demo.prg	(	ARRAY[4]	TWNDDATA	)	
Run ->	S:\Mega\Dev\32\BCC\Minigui\SAMPLES\Advanced\Tsb_FileChangeControl\_msg.oWnd-Cargo.log	 -> hProcessOpenHandle = 1300	hProcess=	428	
      Call from: MYFINDWNDFROMPID(509) -> demo.prg	aWin=	ARRAY[439]	hPID=	428	Return= {0, ""}	
 Call from: RUNEXTERNAL(464) -> demo.prg	App.Cargo:aProcess[nRecno]= {1300, "", 0, 428}[nRecno]=	3	
00:00:05.568	 Call from: TIMER1CHECK(246) -> demo.prg	App.Cargo:lRefresh=	.F.	Form =	wMain	wMain	7868772	wMain	Tsb_File	
00:00:10.605	 Call from: TIMER1CHECK(246) -> demo.prg	App.Cargo:lRefresh=	.F.	Form =	wMain	wMain	7868772	wMain	Tsb_File	
Close ->	S:\Mega\Dev\32\BCC\Minigui\SAMPLES\Advanced\Tsb_FileChangeControl\_msg.oWnd-Cargo.log; STOP hb_ProcessOpen() ! RunFileInternal: 0; Process completed !	

Checking for file changes and writing to the DBASE !	S:\Mega\Dev\32\BCC\Minigui\SAMPLES\Advanced\Tsb_FileChangeControl\test.dbf	
--------------------------------------------------------------------------------------------------------------	
 Call from: MYFILE2COMPARE(532) -> demo.prg	(	ARRAY[4]	)	{3, "S:\Mega\Dev\32\BCC\Minigui\SAMPLES\Advanced\Tsb_FileChangeControl\", "_msg.oWnd-Cargo.log", t"2025-06-14 16:18:59.068"}	
00:00:15.638	 Call from: TIMER1CHECK(246) -> demo.prg	App.Cargo:lRefresh=	.F.	Form =	wMain	wMain	7868772	wMain	Tsb_File	
00:00:20.666	 Call from: TIMER1CHECK(246) -> demo.prg	App.Cargo:lRefresh=	.F.	Form =	wMain	wMain	7868772	wMain	Tsb_File	
00:00:25.674	 Call from: TIMER1CHECK(246) -> demo.prg	App.Cargo:lRefresh=	.F.	Form =	wMain	wMain	7868772	wMain	Tsb_File	
00:00:30.708	 Call from: TIMER1CHECK(246) -> demo.prg	App.Cargo:lRefresh=	.F.	Form =	wMain	wMain	7868772	wMain	Tsb_File	
00:00:35.767	 Call from: TIMER1CHECK(246) -> demo.prg	App.Cargo:lRefresh=	.F.	Form =	wMain	wMain	7868772	wMain	Tsb_File	
00:00:40.815	 Call from: TIMER1CHECK(246) -> demo.prg	App.Cargo:lRefresh=	.F.	Form =	wMain	wMain	7868772	wMain	Tsb_File	
00:00:45.858	 Call from: TIMER1CHECK(246) -> demo.prg	App.Cargo:lRefresh=	.F.	Form =	wMain	wMain	7868772	wMain	Tsb_File	
00:00:50.882	 Call from: TIMER1CHECK(246) -> demo.prg	App.Cargo:lRefresh=	.F.	Form =	wMain	wMain	7868772	wMain	Tsb_File	
00:00:55.938	 Call from: TIMER1CHECK(246) -> demo.prg	App.Cargo:lRefresh=	.F.	Form =	wMain	wMain	7868772	wMain	Tsb_File	
--------------------------------------------------------------------------------------------------------------	
 Call from: MYRUNFILES(392) -> demo.prg	(	TWNDDATA	2	NIL	TSBROWSE	)	
oWnd:Name =	wMain	oBrw:cAlias=	MYTEST	

aFile= {7, "S:\Mega\Dev\32\BCC\Minigui\SAMPLES\Advanced\Tsb_FileChangeControl\", "xtest1.lst", t"2025-06-14 16:18:41.065"}	
--------------------------------------------------------------------------------------------------------------	
 Call from: MYRUNFILES(402) -> demo.prg	myThreadFile(aFile,oWnd)	
--------------------------------------------------------------------------------------------------------------	
 Call from: RUNEXTERNAL(426) -> demo.prg	(	ARRAY[4]	TWNDDATA	)	
Run ->	S:\Mega\Dev\32\BCC\Minigui\SAMPLES\Advanced\Tsb_FileChangeControl\xtest1.lst	 -> hProcessOpenHandle = 1308	hProcess=	12400	
      Call from: MYFINDWNDFROMPID(509) -> demo.prg	aWin=	ARRAY[439]	hPID=	12400	Return= {0, ""}	
 Call from: RUNEXTERNAL(464) -> demo.prg	App.Cargo:aProcess[nRecno]= {1308, "", 0, 12400}[nRecno]=	7	
00:01:00.974	 Call from: TIMER1CHECK(246) -> demo.prg	App.Cargo:lRefresh=	.F.	Form =	wMain	wMain	7868772	wMain	Tsb_File	
00:01:06.008	 Call from: TIMER1CHECK(246) -> demo.prg	App.Cargo:lRefresh=	.F.	Form =	wMain	wMain	7868772	wMain	Tsb_File	
00:01:11.072	 Call from: TIMER1CHECK(246) -> demo.prg	App.Cargo:lRefresh=	.F.	Form =	wMain	wMain	7868772	wMain	Tsb_File	
Close ->	S:\Mega\Dev\32\BCC\Minigui\SAMPLES\Advanced\Tsb_FileChangeControl\xtest1.lst; STOP hb_ProcessOpen() ! RunFileInternal: 0; Process completed !	

Checking for file changes and writing to the DBASE !	S:\Mega\Dev\32\BCC\Minigui\SAMPLES\Advanced\Tsb_FileChangeControl\test.dbf	
--------------------------------------------------------------------------------------------------------------	
 Call from: MYFILE2COMPARE(532) -> demo.prg	(	ARRAY[4]	)	{7, "S:\Mega\Dev\32\BCC\Minigui\SAMPLES\Advanced\Tsb_FileChangeControl\", "xtest1.lst", t"2025-06-14 16:18:41.065"}	
00:01:16.105	 Call from: TIMER1CHECK(246) -> demo.prg	App.Cargo:lRefresh=	.F.	Form =	wMain	wMain	7868772	wMain	Tsb_File	
00:01:21.129	 Call from: TIMER1CHECK(246) -> demo.prg	App.Cargo:lRefresh=	.F.	Form =	wMain	wMain	7868772	wMain	Tsb_File	
00:01:26.181	 Call from: TIMER1CHECK(246) -> demo.prg	App.Cargo:lRefresh=	.F.	Form =	wMain	wMain	7868772	wMain	Tsb_File	
00:01:31.22	 Call from: TIMER1CHECK(246) -> demo.prg	App.Cargo:lRefresh=	.F.	Form =	wMain	wMain	7868772	wMain	Tsb_File	
00:01:36.245	 Call from: TIMER1CHECK(246) -> demo.prg	App.Cargo:lRefresh=	.F.	Form =	wMain	wMain	7868772	wMain	Tsb_File	
00:01:41.269	 Call from: TIMER1CHECK(246) -> demo.prg	App.Cargo:lRefresh=	.F.	Form =	wMain	wMain	7868772	wMain	Tsb_File	
00:01:46.308	 Call from: TIMER1CHECK(246) -> demo.prg	App.Cargo:lRefresh=	.F.	Form =	wMain	wMain	7868772	wMain	Tsb_File	
00:01:51.341	 Call from: TIMER1CHECK(246) -> demo.prg	App.Cargo:lRefresh=	.F.	Form =	wMain	wMain	7868772	wMain	Tsb_File	
00:01:56.381	 Call from: TIMER1CHECK(246) -> demo.prg	App.Cargo:lRefresh=	.F.	Form =	wMain	wMain	7868772	wMain	Tsb_File	
00:02:01.413	 Call from: TIMER1CHECK(246) -> demo.prg	App.Cargo:lRefresh=	.F.	Form =	wMain	wMain	7868772	wMain	Tsb_File	
--------------------------------------------------------------------------------------------------------------	
 Call from: CLOSEPROCESS(603) -> demo.prg	(App.Cargo):aProcess=	ARRAY[10]	

>>> End of program <<<  00:02:06.425	